
         ,--.
       ,--.'|
   ,--,:  : |                                           Nacos 0.9.0
,`--.'`|  ' :                       ,---.               Running in stand alone mode, All function modules
|   :  :  | |                      '   ,'\   .--.--.    Port: 8848
:   |   \ | :  ,--.--.     ,---.  /   /   | /  /    '   Pid: 21
|   : '  '; | /       \   /     \.   ; ,. :|  :  /`./   Console: http://ffd74dc4b64a:8848/nacos/index.html
'   ' ;.    ;.--.  .-. | /    / ''   | |: :|  :  ;_
|   | | \   | \__\/: . ..    ' / '   | .; : \  \    `.      https://nacos.io
'   : |  ; .' ," .--.; |'   ; :__|   :    |  `----.   \
|   | '`--'  /  /  ,.  |'   | '.'|\   \  /  /  /`--'  /
'   : |     ;  :   .'   \   :    : `----'  '--'.     /
;   |.'     |  ,     .-./\   \  /            `--'---'
'---'        `--`---'     `----'

2019-03-12 13:45:05,601 INFO Bean 'org.springframework.security.config.annotation.configuration.ObjectPostProcessorConfiguration' of type [org.springframework.security.config.annotation.configuration.ObjectPostProcessorConfiguration$$EnhancerBySpringCGLIB$$94776da0] is not eligible for getting processed by all BeanPostProcessors (for example: not eligible for auto-proxying)

2019-03-12 13:45:05,908 INFO Bean 'objectPostProcessor' of type [org.springframework.security.config.annotation.configuration.AutowireBeanFactoryObjectPostProcessor] is not eligible for getting processed by all BeanPostProcessors (for example: not eligible for auto-proxying)

2019-03-12 13:45:05,916 INFO Bean 'org.springframework.security.access.expression.method.DefaultMethodSecurityExpressionHandler@43df23d3' of type [org.springframework.security.access.expression.method.DefaultMethodSecurityExpressionHandler] is not eligible for getting processed by all BeanPostProcessors (for example: not eligible for auto-proxying)

2019-03-12 13:45:05,925 INFO Bean 'org.springframework.security.config.annotation.method.configuration.GlobalMethodSecurityConfiguration' of type [org.springframework.security.config.annotation.method.configuration.GlobalMethodSecurityConfiguration$$EnhancerBySpringCGLIB$$b94c1052] is not eligible for getting processed by all BeanPostProcessors (for example: not eligible for auto-proxying)

2019-03-12 13:45:05,943 INFO Bean 'methodSecurityMetadataSource' of type [org.springframework.security.access.method.DelegatingMethodSecurityMetadataSource] is not eligible for getting processed by all BeanPostProcessors (for example: not eligible for auto-proxying)

2019-03-12 13:45:07,428 INFO Tomcat initialized with port(s): 8848 (http)

2019-03-12 13:45:07,849 INFO Root WebApplicationContext: initialization completed in 7009 ms

2019-03-12 13:45:16,131 INFO Autowired annotation is not supported on static fields: static org.springframework.context.ApplicationContext com.alibaba.nacos.naming.boot.SpringContext.context

2019-03-12 13:45:16,732 INFO Initializing ExecutorService 'applicationTaskExecutor'

2019-03-12 13:45:17,268 INFO Adding welcome page: class path resource [static/index.html]

2019-03-12 13:45:18,308 INFO Creating filter chain: Ant [pattern='/'], []

2019-03-12 13:45:18,311 INFO Creating filter chain: Ant [pattern='/**/*.css'], []

2019-03-12 13:45:18,313 INFO Creating filter chain: Ant [pattern='/**/*.js'], []

2019-03-12 13:45:18,314 INFO Creating filter chain: Ant [pattern='/**/*.html'], []

2019-03-12 13:45:18,316 INFO Creating filter chain: Ant [pattern='/**/*.map'], []

2019-03-12 13:45:18,317 INFO Creating filter chain: Ant [pattern='/**/*.svg'], []

2019-03-12 13:45:18,318 INFO Creating filter chain: Ant [pattern='/**/*.png'], []

2019-03-12 13:45:18,319 INFO Creating filter chain: Ant [pattern='/**/*.ico'], []

2019-03-12 13:45:18,321 INFO Creating filter chain: Ant [pattern='/console-fe/public/**'], []

2019-03-12 13:45:18,323 INFO Creating filter chain: Ant [pattern='/v1/auth/login'], []

2019-03-12 13:45:18,324 INFO Creating filter chain: Ant [pattern='/v1/console/health/**'], []

2019-03-12 13:45:18,325 INFO Creating filter chain: Ant [pattern='/v1/cs/**'], []

2019-03-12 13:45:18,326 INFO Creating filter chain: Ant [pattern='/v1/ns/**'], []

2019-03-12 13:45:18,327 INFO Creating filter chain: Ant [pattern='/v1/cmdb/**'], []

2019-03-12 13:45:18,329 INFO Creating filter chain: Ant [pattern='/actuator/**'], []

2019-03-12 13:45:18,330 INFO Creating filter chain: Ant [pattern='/v1/console/server/**'], []

2019-03-12 13:45:18,412 INFO Creating filter chain: any request, [org.springframework.security.web.context.request.async.WebAsyncManagerIntegrationFilter@5bda80bf, org.springframework.security.web.context.SecurityContextPersistenceFilter@2289aca5, org.springframework.security.web.header.HeaderWriterFilter@4b85880b, org.springframework.security.web.authentication.logout.LogoutFilter@70dd7e15, com.alibaba.nacos.console.filter.JwtAuthenticationTokenFilter@71e5f61d, org.springframework.security.web.savedrequest.RequestCacheAwareFilter@184497d1, org.springframework.security.web.servletapi.SecurityContextHolderAwareRequestFilter@26fb628, org.springframework.security.web.authentication.AnonymousAuthenticationFilter@2ce86164, org.springframework.security.web.session.SessionManagementFilter@4215838f, org.springframework.security.web.access.ExceptionTranslationFilter@78aea4b9, org.springframework.security.web.access.intercept.FilterSecurityInterceptor@1c98290c]

2019-03-12 13:45:18,486 INFO Exposing 16 endpoint(s) beneath base path '/actuator'

2019-03-12 13:45:18,554 INFO Initializing ExecutorService 'taskScheduler'

2019-03-12 13:45:18,768 INFO Tomcat started on port(s): 8848 (http) with context path '/nacos'

2019-03-12 13:45:18,817 INFO Nacos Log files: /home/nacos/logs/

2019-03-12 13:45:18,818 INFO Nacos Conf files: /home/nacos/conf/

2019-03-12 13:45:18,819 INFO Nacos Data files: /home/nacos/data/

2019-03-12 13:45:18,820 INFO Nacos started successfully in stand alone mode.

2019-03-12 13:45:20,831 INFO Initializing Servlet 'dispatcherServlet'

2019-03-12 13:45:20,864 INFO Completed initialization in 32 ms

